<?xml version="1.0" encoding="UTF-8"?>
<testng-results retried="2" ignored="2" total="5" passed="0" failed="1" skipped="0">
  <reporter-output>
  </reporter-output>
  <suite started-at="2025-06-19T10:11:43 IST" name="SeleniumSuite" finished-at="2025-06-19T10:19:13 IST" duration-ms="449722">
    <groups>
    </groups>
    <test started-at="2025-06-19T10:11:43 IST" name="LoginTests" finished-at="2025-06-19T10:19:13 IST" duration-ms="449722">
      <class name="com.Medcare.tests.Scenario_9_19_Consignment_PO">
        <test-method is-config="true" signature="setup(java.lang.reflect.Method,java.lang.String)[pri:0, instance:com.Medcare.tests.Scenario_9_19_Consignment_PO@15bb5034]" started-at="2025-06-19T10:11:44 IST" name="setup" finished-at="2025-06-19T10:13:31 IST" duration-ms="107335" status="PASS">
          <params>
            <param index="0">
              <value>
                <![CDATA[public void com.Medcare.tests.Scenario_9_19_Consignment_PO.ConsignmetPO() throws java.awt.AWTException,java.lang.InterruptedException]]>
              </value>
            </param>
            <param index="1">
              <value>
                <![CDATA[10041004]]>
              </value>
            </param>
          </params>
          <reporter-output>
          </reporter-output>
        </test-method> <!-- setup -->
        <test-method retried="true" signature="ConsignmetPO()[pri:1, instance:com.Medcare.tests.Scenario_9_19_Consignment_PO@15bb5034]" started-at="2025-06-19T10:13:31 IST" name="ConsignmetPO" finished-at="2025-06-19T10:14:44 IST" duration-ms="72922" status="SKIP">
          <exception class="org.openqa.selenium.ElementClickInterceptedException">
            <message>
              <![CDATA[element click intercepted: Element <a _ngcontent-ng-c2832959482="" appaccordiontoggle="" class="navigation-link parent ng-star-inserted" title="Consignment" id="10044" data-sequence="19">...</a> is not clickable at point (32, 492). Other element would receive the click: <div _ngcontent-ng-c2748038641="" class="ngx-overlay foreground-closing" style="background-color: rgba(255, 255, 255, 0.29); border-radius: 0px;">...</div>
  (Session info: chrome=137.0.7151.69)
Build info: version: '4.20.0', revision: '866c76ca80'
System info: os.name: 'Windows 10', os.arch: 'amd64', os.version: '10.0', java.version: '21.0.2'
Driver info: org.openqa.selenium.chrome.ChromeDriver
Command: [65748a2e459bee716893cf7ed5596a2b, clickElement {id=f.63AB0699B8C7F352C7BC1DC079BDE54D.d.3911C4D640F5CDD27583B34BA6AB9E77.e.167}]
Capabilities {acceptInsecureCerts: false, browserName: chrome, browserVersion: 137.0.7151.69, chrome: {chromedriverVersion: 137.0.7151.119 (e0ac9d12dff..., userDataDir: C:\Users\Kamlakar\AppData\L...}, fedcm:accounts: true, goog:chromeOptions: {debuggerAddress: localhost:61642}, networkConnectionEnabled: false, pageLoadStrategy: normal, platformName: windows, proxy: Proxy(), se:cdp: ws://localhost:61642/devtoo..., se:cdpVersion: 137.0.7151.69, setWindowRect: true, strictFileInteractability: false, timeouts: {implicit: 0, pageLoad: 300000, script: 30000}, unhandledPromptBehavior: dismiss and notify, webauthn:extension:credBlob: true, webauthn:extension:largeBlob: true, webauthn:extension:minPinLength: true, webauthn:extension:prf: true, webauthn:virtualAuthenticators: true}
Element: [[ChromeDriver: chrome on windows (65748a2e459bee716893cf7ed5596a2b)] -> id: 10044]
Session ID: 65748a2e459bee716893cf7ed5596a2b]]>
            </message>
            <full-stacktrace>
              <![CDATA[org.openqa.selenium.ElementClickInterceptedException: element click intercepted: Element <a _ngcontent-ng-c2832959482="" appaccordiontoggle="" class="navigation-link parent ng-star-inserted" title="Consignment" id="10044" data-sequence="19">...</a> is not clickable at point (32, 492). Other element would receive the click: <div _ngcontent-ng-c2748038641="" class="ngx-overlay foreground-closing" style="background-color: rgba(255, 255, 255, 0.29); border-radius: 0px;">...</div>
  (Session info: chrome=137.0.7151.69)
Build info: version: '4.20.0', revision: '866c76ca80'
System info: os.name: 'Windows 10', os.arch: 'amd64', os.version: '10.0', java.version: '21.0.2'
Driver info: org.openqa.selenium.chrome.ChromeDriver
Command: [65748a2e459bee716893cf7ed5596a2b, clickElement {id=f.63AB0699B8C7F352C7BC1DC079BDE54D.d.3911C4D640F5CDD27583B34BA6AB9E77.e.167}]
Capabilities {acceptInsecureCerts: false, browserName: chrome, browserVersion: 137.0.7151.69, chrome: {chromedriverVersion: 137.0.7151.119 (e0ac9d12dff..., userDataDir: C:\Users\Kamlakar\AppData\L...}, fedcm:accounts: true, goog:chromeOptions: {debuggerAddress: localhost:61642}, networkConnectionEnabled: false, pageLoadStrategy: normal, platformName: windows, proxy: Proxy(), se:cdp: ws://localhost:61642/devtoo..., se:cdpVersion: 137.0.7151.69, setWindowRect: true, strictFileInteractability: false, timeouts: {implicit: 0, pageLoad: 300000, script: 30000}, unhandledPromptBehavior: dismiss and notify, webauthn:extension:credBlob: true, webauthn:extension:largeBlob: true, webauthn:extension:minPinLength: true, webauthn:extension:prf: true, webauthn:virtualAuthenticators: true}
Element: [[ChromeDriver: chrome on windows (65748a2e459bee716893cf7ed5596a2b)] -> id: 10044]
Session ID: 65748a2e459bee716893cf7ed5596a2b
at java.base/jdk.internal.reflect.DirectConstructorHandleAccessor.newInstance(DirectConstructorHandleAccessor.java:62)
at java.base/java.lang.reflect.Constructor.newInstanceWithCaller(Constructor.java:502)
at java.base/java.lang.reflect.Constructor.newInstance(Constructor.java:486)
at org.openqa.selenium.remote.ErrorCodec.decode(ErrorCodec.java:167)
at org.openqa.selenium.remote.codec.w3c.W3CHttpResponseCodec.decode(W3CHttpResponseCodec.java:138)
at org.openqa.selenium.remote.codec.w3c.W3CHttpResponseCodec.decode(W3CHttpResponseCodec.java:50)
at org.openqa.selenium.remote.HttpCommandExecutor.execute(HttpCommandExecutor.java:190)
at org.openqa.selenium.remote.service.DriverCommandExecutor.invokeExecute(DriverCommandExecutor.java:216)
at org.openqa.selenium.remote.service.DriverCommandExecutor.execute(DriverCommandExecutor.java:174)
at org.openqa.selenium.remote.RemoteWebDriver.execute(RemoteWebDriver.java:518)
at org.openqa.selenium.remote.RemoteWebElement.execute(RemoteWebElement.java:223)
at org.openqa.selenium.remote.RemoteWebElement.click(RemoteWebElement.java:76)
at com.Medcare_1.pages.ProcurmentConsignmentConversion.ConsignmetPO(ProcurmentConsignmentConversion.java:175)
at com.Medcare.tests.Scenario_9_19_Consignment_PO.ConsignmetPO(Scenario_9_19_Consignment_PO.java:24)
at java.base/jdk.internal.reflect.DirectMethodHandleAccessor.invoke(DirectMethodHandleAccessor.java:103)
at java.base/java.lang.reflect.Method.invoke(Method.java:580)
at org.testng.internal.invokers.MethodInvocationHelper.invokeMethod(MethodInvocationHelper.java:139)
at org.testng.internal.invokers.TestInvoker.invokeMethod(TestInvoker.java:664)
at org.testng.internal.invokers.TestInvoker.invokeTestMethod(TestInvoker.java:228)
at org.testng.internal.invokers.MethodRunner.runInSequence(MethodRunner.java:63)
at org.testng.internal.invokers.TestInvoker$MethodInvocationAgent.invoke(TestInvoker.java:961)
at org.testng.internal.invokers.TestInvoker.invokeTestMethods(TestInvoker.java:201)
at org.testng.internal.invokers.TestMethodWorker.invokeTestMethods(TestMethodWorker.java:148)
at org.testng.internal.invokers.TestMethodWorker.run(TestMethodWorker.java:128)
at java.base/java.util.ArrayList.forEach(ArrayList.java:1596)
at org.testng.TestRunner.privateRun(TestRunner.java:819)
at org.testng.TestRunner.run(TestRunner.java:619)
at org.testng.SuiteRunner.runTest(SuiteRunner.java:443)
at org.testng.SuiteRunner.runSequentially(SuiteRunner.java:437)
at org.testng.SuiteRunner.privateRun(SuiteRunner.java:397)
at org.testng.SuiteRunner.run(SuiteRunner.java:336)
at org.testng.SuiteRunnerWorker.runSuite(SuiteRunnerWorker.java:52)
at org.testng.SuiteRunnerWorker.run(SuiteRunnerWorker.java:95)
at org.testng.TestNG.runSuitesSequentially(TestNG.java:1301)
at org.testng.TestNG.runSuitesLocally(TestNG.java:1228)
at org.testng.TestNG.runSuites(TestNG.java:1134)
at org.testng.TestNG.run(TestNG.java:1101)
at org.testng.remote.AbstractRemoteTestNG.run(AbstractRemoteTestNG.java:115)
at org.testng.remote.RemoteTestNG.initAndRun(RemoteTestNG.java:251)
at org.testng.remote.RemoteTestNG.main(RemoteTestNG.java:77)
]]>
            </full-stacktrace>
          </exception> <!-- org.openqa.selenium.ElementClickInterceptedException -->
          <reporter-output>
          </reporter-output>
        </test-method> <!-- ConsignmetPO -->
        <test-method is-config="true" signature="teardown(org.testng.ITestResult)[pri:0, instance:com.Medcare.tests.Scenario_9_19_Consignment_PO@15bb5034]" started-at="2025-06-19T10:14:44 IST" name="teardown" finished-at="2025-06-19T10:14:46 IST" duration-ms="2561" status="PASS">
          <params>
            <param index="0">
              <value>
                <![CDATA[[TestResult name=ConsignmetPO status=SKIP method=Scenario_9_19_Consignment_PO.ConsignmetPO()[pri:1, instance:com.Medcare.tests.Scenario_9_19_Consignment_PO@15bb5034] output={null}]]]>
              </value>
            </param>
          </params>
          <reporter-output>
          </reporter-output>
        </test-method> <!-- teardown -->
        <test-method is-config="true" signature="setup(java.lang.reflect.Method,java.lang.String)[pri:0, instance:com.Medcare.tests.Scenario_9_19_Consignment_PO@15bb5034]" started-at="2025-06-19T10:14:46 IST" name="setup" finished-at="2025-06-19T10:15:51 IST" duration-ms="64179" status="PASS">
          <params>
            <param index="0">
              <value>
                <![CDATA[public void com.Medcare.tests.Scenario_9_19_Consignment_PO.ConsignmetPO() throws java.awt.AWTException,java.lang.InterruptedException]]>
              </value>
            </param>
            <param index="1">
              <value>
                <![CDATA[10041004]]>
              </value>
            </param>
          </params>
          <reporter-output>
          </reporter-output>
        </test-method> <!-- setup -->
        <test-method retried="true" signature="ConsignmetPO()[pri:1, instance:com.Medcare.tests.Scenario_9_19_Consignment_PO@15bb5034]" started-at="2025-06-19T10:15:51 IST" name="ConsignmetPO" finished-at="2025-06-19T10:17:00 IST" duration-ms="69424" status="SKIP">
          <exception class="org.openqa.selenium.ElementClickInterceptedException">
            <message>
              <![CDATA[element click intercepted: Element <a _ngcontent-ng-c2832959482="" appaccordiontoggle="" class="navigation-link parent ng-star-inserted" title="Consignment" id="10044" data-sequence="19">...</a> is not clickable at point (32, 492). Other element would receive the click: <div _ngcontent-ng-c2748038641="" class="ngx-overlay foreground-closing" style="background-color: rgba(255, 255, 255, 0.29); border-radius: 0px;">...</div>
  (Session info: chrome=137.0.7151.69)
Build info: version: '4.20.0', revision: '866c76ca80'
System info: os.name: 'Windows 10', os.arch: 'amd64', os.version: '10.0', java.version: '21.0.2'
Driver info: org.openqa.selenium.chrome.ChromeDriver
Command: [fd77a2b292dc9c720f1d76340b586526, clickElement {id=f.D725EA13A2151F0F3D31F179859C9C31.d.25D43A3E97E1FC8515C8B6768DBE030E.e.172}]
Capabilities {acceptInsecureCerts: false, browserName: chrome, browserVersion: 137.0.7151.69, chrome: {chromedriverVersion: 137.0.7151.119 (e0ac9d12dff..., userDataDir: C:\Users\Kamlakar\AppData\L...}, fedcm:accounts: true, goog:chromeOptions: {debuggerAddress: localhost:61812}, networkConnectionEnabled: false, pageLoadStrategy: normal, platformName: windows, proxy: Proxy(), se:cdp: ws://localhost:61812/devtoo..., se:cdpVersion: 137.0.7151.69, setWindowRect: true, strictFileInteractability: false, timeouts: {implicit: 0, pageLoad: 300000, script: 30000}, unhandledPromptBehavior: dismiss and notify, webauthn:extension:credBlob: true, webauthn:extension:largeBlob: true, webauthn:extension:minPinLength: true, webauthn:extension:prf: true, webauthn:virtualAuthenticators: true}
Element: [[ChromeDriver: chrome on windows (fd77a2b292dc9c720f1d76340b586526)] -> id: 10044]
Session ID: fd77a2b292dc9c720f1d76340b586526]]>
            </message>
            <full-stacktrace>
              <![CDATA[org.openqa.selenium.ElementClickInterceptedException: element click intercepted: Element <a _ngcontent-ng-c2832959482="" appaccordiontoggle="" class="navigation-link parent ng-star-inserted" title="Consignment" id="10044" data-sequence="19">...</a> is not clickable at point (32, 492). Other element would receive the click: <div _ngcontent-ng-c2748038641="" class="ngx-overlay foreground-closing" style="background-color: rgba(255, 255, 255, 0.29); border-radius: 0px;">...</div>
  (Session info: chrome=137.0.7151.69)
Build info: version: '4.20.0', revision: '866c76ca80'
System info: os.name: 'Windows 10', os.arch: 'amd64', os.version: '10.0', java.version: '21.0.2'
Driver info: org.openqa.selenium.chrome.ChromeDriver
Command: [fd77a2b292dc9c720f1d76340b586526, clickElement {id=f.D725EA13A2151F0F3D31F179859C9C31.d.25D43A3E97E1FC8515C8B6768DBE030E.e.172}]
Capabilities {acceptInsecureCerts: false, browserName: chrome, browserVersion: 137.0.7151.69, chrome: {chromedriverVersion: 137.0.7151.119 (e0ac9d12dff..., userDataDir: C:\Users\Kamlakar\AppData\L...}, fedcm:accounts: true, goog:chromeOptions: {debuggerAddress: localhost:61812}, networkConnectionEnabled: false, pageLoadStrategy: normal, platformName: windows, proxy: Proxy(), se:cdp: ws://localhost:61812/devtoo..., se:cdpVersion: 137.0.7151.69, setWindowRect: true, strictFileInteractability: false, timeouts: {implicit: 0, pageLoad: 300000, script: 30000}, unhandledPromptBehavior: dismiss and notify, webauthn:extension:credBlob: true, webauthn:extension:largeBlob: true, webauthn:extension:minPinLength: true, webauthn:extension:prf: true, webauthn:virtualAuthenticators: true}
Element: [[ChromeDriver: chrome on windows (fd77a2b292dc9c720f1d76340b586526)] -> id: 10044]
Session ID: fd77a2b292dc9c720f1d76340b586526
at java.base/jdk.internal.reflect.DirectConstructorHandleAccessor.newInstance(DirectConstructorHandleAccessor.java:62)
at java.base/java.lang.reflect.Constructor.newInstanceWithCaller(Constructor.java:502)
at java.base/java.lang.reflect.Constructor.newInstance(Constructor.java:486)
at org.openqa.selenium.remote.ErrorCodec.decode(ErrorCodec.java:167)
at org.openqa.selenium.remote.codec.w3c.W3CHttpResponseCodec.decode(W3CHttpResponseCodec.java:138)
at org.openqa.selenium.remote.codec.w3c.W3CHttpResponseCodec.decode(W3CHttpResponseCodec.java:50)
at org.openqa.selenium.remote.HttpCommandExecutor.execute(HttpCommandExecutor.java:190)
at org.openqa.selenium.remote.service.DriverCommandExecutor.invokeExecute(DriverCommandExecutor.java:216)
at org.openqa.selenium.remote.service.DriverCommandExecutor.execute(DriverCommandExecutor.java:174)
at org.openqa.selenium.remote.RemoteWebDriver.execute(RemoteWebDriver.java:518)
at org.openqa.selenium.remote.RemoteWebElement.execute(RemoteWebElement.java:223)
at org.openqa.selenium.remote.RemoteWebElement.click(RemoteWebElement.java:76)
at com.Medcare_1.pages.ProcurmentConsignmentConversion.ConsignmetPO(ProcurmentConsignmentConversion.java:175)
at com.Medcare.tests.Scenario_9_19_Consignment_PO.ConsignmetPO(Scenario_9_19_Consignment_PO.java:24)
at java.base/jdk.internal.reflect.DirectMethodHandleAccessor.invoke(DirectMethodHandleAccessor.java:103)
at java.base/java.lang.reflect.Method.invoke(Method.java:580)
at org.testng.internal.invokers.MethodInvocationHelper.invokeMethod(MethodInvocationHelper.java:139)
at org.testng.internal.invokers.TestInvoker.invokeMethod(TestInvoker.java:664)
at org.testng.internal.invokers.TestInvoker.retryFailed(TestInvoker.java:249)
at org.testng.internal.invokers.MethodRunner.runInSequence(MethodRunner.java:76)
at org.testng.internal.invokers.TestInvoker$MethodInvocationAgent.invoke(TestInvoker.java:961)
at org.testng.internal.invokers.TestInvoker.invokeTestMethods(TestInvoker.java:201)
at org.testng.internal.invokers.TestMethodWorker.invokeTestMethods(TestMethodWorker.java:148)
at org.testng.internal.invokers.TestMethodWorker.run(TestMethodWorker.java:128)
at java.base/java.util.ArrayList.forEach(ArrayList.java:1596)
at org.testng.TestRunner.privateRun(TestRunner.java:819)
at org.testng.TestRunner.run(TestRunner.java:619)
at org.testng.SuiteRunner.runTest(SuiteRunner.java:443)
at org.testng.SuiteRunner.runSequentially(SuiteRunner.java:437)
at org.testng.SuiteRunner.privateRun(SuiteRunner.java:397)
at org.testng.SuiteRunner.run(SuiteRunner.java:336)
at org.testng.SuiteRunnerWorker.runSuite(SuiteRunnerWorker.java:52)
at org.testng.SuiteRunnerWorker.run(SuiteRunnerWorker.java:95)
at org.testng.TestNG.runSuitesSequentially(TestNG.java:1301)
at org.testng.TestNG.runSuitesLocally(TestNG.java:1228)
at org.testng.TestNG.runSuites(TestNG.java:1134)
at org.testng.TestNG.run(TestNG.java:1101)
at org.testng.remote.AbstractRemoteTestNG.run(AbstractRemoteTestNG.java:115)
at org.testng.remote.RemoteTestNG.initAndRun(RemoteTestNG.java:251)
at org.testng.remote.RemoteTestNG.main(RemoteTestNG.java:77)
]]>
            </full-stacktrace>
          </exception> <!-- org.openqa.selenium.ElementClickInterceptedException -->
          <reporter-output>
          </reporter-output>
        </test-method> <!-- ConsignmetPO -->
        <test-method is-config="true" signature="teardown(org.testng.ITestResult)[pri:0, instance:com.Medcare.tests.Scenario_9_19_Consignment_PO@15bb5034]" started-at="2025-06-19T10:17:00 IST" name="teardown" finished-at="2025-06-19T10:17:02 IST" duration-ms="2472" status="PASS">
          <params>
            <param index="0">
              <value>
                <![CDATA[[TestResult name=ConsignmetPO status=SKIP method=Scenario_9_19_Consignment_PO.ConsignmetPO()[pri:1, instance:com.Medcare.tests.Scenario_9_19_Consignment_PO@15bb5034] output={null}]]]>
              </value>
            </param>
          </params>
          <reporter-output>
          </reporter-output>
        </test-method> <!-- teardown -->
        <test-method is-config="true" signature="setup(java.lang.reflect.Method,java.lang.String)[pri:0, instance:com.Medcare.tests.Scenario_9_19_Consignment_PO@15bb5034]" started-at="2025-06-19T10:17:02 IST" name="setup" finished-at="2025-06-19T10:18:03 IST" duration-ms="60849" status="PASS">
          <params>
            <param index="0">
              <value>
                <![CDATA[public void com.Medcare.tests.Scenario_9_19_Consignment_PO.ConsignmetPO() throws java.awt.AWTException,java.lang.InterruptedException]]>
              </value>
            </param>
            <param index="1">
              <value>
                <![CDATA[10041004]]>
              </value>
            </param>
          </params>
          <reporter-output>
          </reporter-output>
        </test-method> <!-- setup -->
        <test-method signature="ConsignmetPO()[pri:1, instance:com.Medcare.tests.Scenario_9_19_Consignment_PO@15bb5034]" started-at="2025-06-19T10:18:03 IST" name="ConsignmetPO" finished-at="2025-06-19T10:19:11 IST" duration-ms="67407" status="FAIL">
          <exception class="org.openqa.selenium.ElementClickInterceptedException">
            <message>
              <![CDATA[element click intercepted: Element <a _ngcontent-ng-c2832959482="" appaccordiontoggle="" class="navigation-link parent ng-star-inserted" title="Consignment" id="10044" data-sequence="19">...</a> is not clickable at point (32, 492). Other element would receive the click: <div _ngcontent-ng-c2748038641="" class="ngx-overlay foreground-closing" style="background-color: rgba(255, 255, 255, 0.29); border-radius: 0px;">...</div>
  (Session info: chrome=137.0.7151.69)
Build info: version: '4.20.0', revision: '866c76ca80'
System info: os.name: 'Windows 10', os.arch: 'amd64', os.version: '10.0', java.version: '21.0.2'
Driver info: org.openqa.selenium.chrome.ChromeDriver
Command: [f1dc4fbfb6427a95337292f95f8bfe9b, clickElement {id=f.40B668DB8161B92CA8D4DA06FF96C488.d.2DADDF1E4ED779BF37212509A69CA477.e.168}]
Capabilities {acceptInsecureCerts: false, browserName: chrome, browserVersion: 137.0.7151.69, chrome: {chromedriverVersion: 137.0.7151.119 (e0ac9d12dff..., userDataDir: C:\Users\Kamlakar\AppData\L...}, fedcm:accounts: true, goog:chromeOptions: {debuggerAddress: localhost:61930}, networkConnectionEnabled: false, pageLoadStrategy: normal, platformName: windows, proxy: Proxy(), se:cdp: ws://localhost:61930/devtoo..., se:cdpVersion: 137.0.7151.69, setWindowRect: true, strictFileInteractability: false, timeouts: {implicit: 0, pageLoad: 300000, script: 30000}, unhandledPromptBehavior: dismiss and notify, webauthn:extension:credBlob: true, webauthn:extension:largeBlob: true, webauthn:extension:minPinLength: true, webauthn:extension:prf: true, webauthn:virtualAuthenticators: true}
Element: [[ChromeDriver: chrome on windows (f1dc4fbfb6427a95337292f95f8bfe9b)] -> id: 10044]
Session ID: f1dc4fbfb6427a95337292f95f8bfe9b]]>
            </message>
            <full-stacktrace>
              <![CDATA[org.openqa.selenium.ElementClickInterceptedException: element click intercepted: Element <a _ngcontent-ng-c2832959482="" appaccordiontoggle="" class="navigation-link parent ng-star-inserted" title="Consignment" id="10044" data-sequence="19">...</a> is not clickable at point (32, 492). Other element would receive the click: <div _ngcontent-ng-c2748038641="" class="ngx-overlay foreground-closing" style="background-color: rgba(255, 255, 255, 0.29); border-radius: 0px;">...</div>
  (Session info: chrome=137.0.7151.69)
Build info: version: '4.20.0', revision: '866c76ca80'
System info: os.name: 'Windows 10', os.arch: 'amd64', os.version: '10.0', java.version: '21.0.2'
Driver info: org.openqa.selenium.chrome.ChromeDriver
Command: [f1dc4fbfb6427a95337292f95f8bfe9b, clickElement {id=f.40B668DB8161B92CA8D4DA06FF96C488.d.2DADDF1E4ED779BF37212509A69CA477.e.168}]
Capabilities {acceptInsecureCerts: false, browserName: chrome, browserVersion: 137.0.7151.69, chrome: {chromedriverVersion: 137.0.7151.119 (e0ac9d12dff..., userDataDir: C:\Users\Kamlakar\AppData\L...}, fedcm:accounts: true, goog:chromeOptions: {debuggerAddress: localhost:61930}, networkConnectionEnabled: false, pageLoadStrategy: normal, platformName: windows, proxy: Proxy(), se:cdp: ws://localhost:61930/devtoo..., se:cdpVersion: 137.0.7151.69, setWindowRect: true, strictFileInteractability: false, timeouts: {implicit: 0, pageLoad: 300000, script: 30000}, unhandledPromptBehavior: dismiss and notify, webauthn:extension:credBlob: true, webauthn:extension:largeBlob: true, webauthn:extension:minPinLength: true, webauthn:extension:prf: true, webauthn:virtualAuthenticators: true}
Element: [[ChromeDriver: chrome on windows (f1dc4fbfb6427a95337292f95f8bfe9b)] -> id: 10044]
Session ID: f1dc4fbfb6427a95337292f95f8bfe9b
at java.base/jdk.internal.reflect.DirectConstructorHandleAccessor.newInstance(DirectConstructorHandleAccessor.java:62)
at java.base/java.lang.reflect.Constructor.newInstanceWithCaller(Constructor.java:502)
at java.base/java.lang.reflect.Constructor.newInstance(Constructor.java:486)
at org.openqa.selenium.remote.ErrorCodec.decode(ErrorCodec.java:167)
at org.openqa.selenium.remote.codec.w3c.W3CHttpResponseCodec.decode(W3CHttpResponseCodec.java:138)
at org.openqa.selenium.remote.codec.w3c.W3CHttpResponseCodec.decode(W3CHttpResponseCodec.java:50)
at org.openqa.selenium.remote.HttpCommandExecutor.execute(HttpCommandExecutor.java:190)
at org.openqa.selenium.remote.service.DriverCommandExecutor.invokeExecute(DriverCommandExecutor.java:216)
at org.openqa.selenium.remote.service.DriverCommandExecutor.execute(DriverCommandExecutor.java:174)
at org.openqa.selenium.remote.RemoteWebDriver.execute(RemoteWebDriver.java:518)
at org.openqa.selenium.remote.RemoteWebElement.execute(RemoteWebElement.java:223)
at org.openqa.selenium.remote.RemoteWebElement.click(RemoteWebElement.java:76)
at com.Medcare_1.pages.ProcurmentConsignmentConversion.ConsignmetPO(ProcurmentConsignmentConversion.java:175)
at com.Medcare.tests.Scenario_9_19_Consignment_PO.ConsignmetPO(Scenario_9_19_Consignment_PO.java:24)
at java.base/jdk.internal.reflect.DirectMethodHandleAccessor.invoke(DirectMethodHandleAccessor.java:103)
at java.base/java.lang.reflect.Method.invoke(Method.java:580)
at org.testng.internal.invokers.MethodInvocationHelper.invokeMethod(MethodInvocationHelper.java:139)
at org.testng.internal.invokers.TestInvoker.invokeMethod(TestInvoker.java:664)
at org.testng.internal.invokers.TestInvoker.retryFailed(TestInvoker.java:249)
at org.testng.internal.invokers.MethodRunner.runInSequence(MethodRunner.java:76)
at org.testng.internal.invokers.TestInvoker$MethodInvocationAgent.invoke(TestInvoker.java:961)
at org.testng.internal.invokers.TestInvoker.invokeTestMethods(TestInvoker.java:201)
at org.testng.internal.invokers.TestMethodWorker.invokeTestMethods(TestMethodWorker.java:148)
at org.testng.internal.invokers.TestMethodWorker.run(TestMethodWorker.java:128)
at java.base/java.util.ArrayList.forEach(ArrayList.java:1596)
at org.testng.TestRunner.privateRun(TestRunner.java:819)
at org.testng.TestRunner.run(TestRunner.java:619)
at org.testng.SuiteRunner.runTest(SuiteRunner.java:443)
at org.testng.SuiteRunner.runSequentially(SuiteRunner.java:437)
at org.testng.SuiteRunner.privateRun(SuiteRunner.java:397)
at org.testng.SuiteRunner.run(SuiteRunner.java:336)
at org.testng.SuiteRunnerWorker.runSuite(SuiteRunnerWorker.java:52)
at org.testng.SuiteRunnerWorker.run(SuiteRunnerWorker.java:95)
at org.testng.TestNG.runSuitesSequentially(TestNG.java:1301)
at org.testng.TestNG.runSuitesLocally(TestNG.java:1228)
at org.testng.TestNG.runSuites(TestNG.java:1134)
at org.testng.TestNG.run(TestNG.java:1101)
at org.testng.remote.AbstractRemoteTestNG.run(AbstractRemoteTestNG.java:115)
at org.testng.remote.RemoteTestNG.initAndRun(RemoteTestNG.java:251)
at org.testng.remote.RemoteTestNG.main(RemoteTestNG.java:77)
]]>
            </full-stacktrace>
          </exception> <!-- org.openqa.selenium.ElementClickInterceptedException -->
          <reporter-output>
          </reporter-output>
        </test-method> <!-- ConsignmetPO -->
        <test-method is-config="true" signature="teardown(org.testng.ITestResult)[pri:0, instance:com.Medcare.tests.Scenario_9_19_Consignment_PO@15bb5034]" started-at="2025-06-19T10:19:11 IST" name="teardown" finished-at="2025-06-19T10:19:13 IST" duration-ms="2481" status="PASS">
          <params>
            <param index="0">
              <value>
                <![CDATA[[TestResult name=ConsignmetPO status=FAILURE method=Scenario_9_19_Consignment_PO.ConsignmetPO()[pri:1, instance:com.Medcare.tests.Scenario_9_19_Consignment_PO@15bb5034] output={null}]]]>
              </value>
            </param>
          </params>
          <reporter-output>
          </reporter-output>
        </test-method> <!-- teardown -->
      </class> <!-- com.Medcare.tests.Scenario_9_19_Consignment_PO -->
    </test> <!-- LoginTests -->
  </suite> <!-- SeleniumSuite -->
</testng-results>
