<?xml version="1.0" encoding="UTF-8"?>
<!-- Generated by org.testng.reporters.JUnitReportReporter -->
<testsuite hostname="HATI-SDG00096" failures="0" tests="3" name="com.Medcare.tests.Scenario_9_19_Consignment_PO" time="449.630" errors="1" timestamp="2025-06-19T10:19:13 IST" skipped="2">
  <testcase classname="com.Medcare.tests.Scenario_9_19_Consignment_PO" name="ConsignmetPO" time="132.834">
    <skipped/>
  </testcase> <!-- ConsignmetPO -->
  <testcase classname="com.Medcare.tests.Scenario_9_19_Consignment_PO" name="ConsignmetPO" time="182.738">
    <skipped/>
  </testcase> <!-- ConsignmetPO -->
  <testcase classname="com.Medcare.tests.Scenario_9_19_Consignment_PO" name="ConsignmetPO" time="134.058">
    <error message="element click intercepted: Element &lt;a _ngcontent-ng-c2832959482=&quot;&quot; appaccordiontoggle=&quot;&quot; class=&quot;navigation-link parent ng-star-inserted&quot; title=&quot;Consignment&quot; id=&quot;10044&quot; data-sequence=&quot;19&quot;&gt;...&lt;/a&gt; is not clickable at point (32, 492). Other element would receive the click: &lt;div _ngcontent-ng-c2748038641=&quot;&quot; class=&quot;ngx-overlay foreground-closing&quot; style=&quot;background-color: rgba(255, 255, 255, 0.29); border-radius: 0px;&quot;&gt;...&lt;/div&gt;
  (Session info: chrome=137.0.7151.69)
Build info: version: &#039;4.20.0&#039;, revision: &#039;866c76ca80&#039;
System info: os.name: &#039;Windows 10&#039;, os.arch: &#039;amd64&#039;, os.version: &#039;10.0&#039;, java.version: &#039;21.0.2&#039;
Driver info: org.openqa.selenium.chrome.ChromeDriver
Command: [f1dc4fbfb6427a95337292f95f8bfe9b, clickElement {id=f.40B668DB8161B92CA8D4DA06FF96C488.d.2DADDF1E4ED779BF37212509A69CA477.e.168}]
Capabilities {acceptInsecureCerts: false, browserName: chrome, browserVersion: 137.0.7151.69, chrome: {chromedriverVersion: 137.0.7151.119 (e0ac9d12dff..., userDataDir: C:\Users\Kamlakar\AppData\L...}, fedcm:accounts: true, goog:chromeOptions: {debuggerAddress: localhost:61930}, networkConnectionEnabled: false, pageLoadStrategy: normal, platformName: windows, proxy: Proxy(), se:cdp: ws://localhost:61930/devtoo..., se:cdpVersion: 137.0.7151.69, setWindowRect: true, strictFileInteractability: false, timeouts: {implicit: 0, pageLoad: 300000, script: 30000}, unhandledPromptBehavior: dismiss and notify, webauthn:extension:credBlob: true, webauthn:extension:largeBlob: true, webauthn:extension:minPinLength: true, webauthn:extension:prf: true, webauthn:virtualAuthenticators: true}
Element: [[ChromeDriver: chrome on windows (f1dc4fbfb6427a95337292f95f8bfe9b)] -&gt; id: 10044]
Session ID: f1dc4fbfb6427a95337292f95f8bfe9b" type="org.openqa.selenium.ElementClickInterceptedException">
      <![CDATA[org.openqa.selenium.ElementClickInterceptedException: element click intercepted: Element <a _ngcontent-ng-c2832959482="" appaccordiontoggle="" class="navigation-link parent ng-star-inserted" title="Consignment" id="10044" data-sequence="19">...</a> is not clickable at point (32, 492). Other element would receive the click: <div _ngcontent-ng-c2748038641="" class="ngx-overlay foreground-closing" style="background-color: rgba(255, 255, 255, 0.29); border-radius: 0px;">...</div>
  (Session info: chrome=137.0.7151.69)
Build info: version: '4.20.0', revision: '866c76ca80'
System info: os.name: 'Windows 10', os.arch: 'amd64', os.version: '10.0', java.version: '21.0.2'
Driver info: org.openqa.selenium.chrome.ChromeDriver
Command: [f1dc4fbfb6427a95337292f95f8bfe9b, clickElement {id=f.40B668DB8161B92CA8D4DA06FF96C488.d.2DADDF1E4ED779BF37212509A69CA477.e.168}]
Capabilities {acceptInsecureCerts: false, browserName: chrome, browserVersion: 137.0.7151.69, chrome: {chromedriverVersion: 137.0.7151.119 (e0ac9d12dff..., userDataDir: C:\Users\Kamlakar\AppData\L...}, fedcm:accounts: true, goog:chromeOptions: {debuggerAddress: localhost:61930}, networkConnectionEnabled: false, pageLoadStrategy: normal, platformName: windows, proxy: Proxy(), se:cdp: ws://localhost:61930/devtoo..., se:cdpVersion: 137.0.7151.69, setWindowRect: true, strictFileInteractability: false, timeouts: {implicit: 0, pageLoad: 300000, script: 30000}, unhandledPromptBehavior: dismiss and notify, webauthn:extension:credBlob: true, webauthn:extension:largeBlob: true, webauthn:extension:minPinLength: true, webauthn:extension:prf: true, webauthn:virtualAuthenticators: true}
Element: [[ChromeDriver: chrome on windows (f1dc4fbfb6427a95337292f95f8bfe9b)] -> id: 10044]
Session ID: f1dc4fbfb6427a95337292f95f8bfe9b
at java.base/jdk.internal.reflect.DirectConstructorHandleAccessor.newInstance(DirectConstructorHandleAccessor.java:62)
at java.base/java.lang.reflect.Constructor.newInstanceWithCaller(Constructor.java:502)
at java.base/java.lang.reflect.Constructor.newInstance(Constructor.java:486)
at org.openqa.selenium.remote.ErrorCodec.decode(ErrorCodec.java:167)
at org.openqa.selenium.remote.codec.w3c.W3CHttpResponseCodec.decode(W3CHttpResponseCodec.java:138)
at org.openqa.selenium.remote.codec.w3c.W3CHttpResponseCodec.decode(W3CHttpResponseCodec.java:50)
at org.openqa.selenium.remote.HttpCommandExecutor.execute(HttpCommandExecutor.java:190)
at org.openqa.selenium.remote.service.DriverCommandExecutor.invokeExecute(DriverCommandExecutor.java:216)
at org.openqa.selenium.remote.service.DriverCommandExecutor.execute(DriverCommandExecutor.java:174)
at org.openqa.selenium.remote.RemoteWebDriver.execute(RemoteWebDriver.java:518)
at org.openqa.selenium.remote.RemoteWebElement.execute(RemoteWebElement.java:223)
at org.openqa.selenium.remote.RemoteWebElement.click(RemoteWebElement.java:76)
at com.Medcare_1.pages.ProcurmentConsignmentConversion.ConsignmetPO(ProcurmentConsignmentConversion.java:175)
at com.Medcare.tests.Scenario_9_19_Consignment_PO.ConsignmetPO(Scenario_9_19_Consignment_PO.java:24)
at java.base/jdk.internal.reflect.DirectMethodHandleAccessor.invoke(DirectMethodHandleAccessor.java:103)
at java.base/java.lang.reflect.Method.invoke(Method.java:580)
at org.testng.internal.invokers.MethodInvocationHelper.invokeMethod(MethodInvocationHelper.java:139)
at org.testng.internal.invokers.TestInvoker.invokeMethod(TestInvoker.java:664)
at org.testng.internal.invokers.TestInvoker.retryFailed(TestInvoker.java:249)
at org.testng.internal.invokers.MethodRunner.runInSequence(MethodRunner.java:76)
at org.testng.internal.invokers.TestInvoker$MethodInvocationAgent.invoke(TestInvoker.java:961)
at org.testng.internal.invokers.TestInvoker.invokeTestMethods(TestInvoker.java:201)
at org.testng.internal.invokers.TestMethodWorker.invokeTestMethods(TestMethodWorker.java:148)
at org.testng.internal.invokers.TestMethodWorker.run(TestMethodWorker.java:128)
at java.base/java.util.ArrayList.forEach(ArrayList.java:1596)
at org.testng.TestRunner.privateRun(TestRunner.java:819)
at org.testng.TestRunner.run(TestRunner.java:619)
at org.testng.SuiteRunner.runTest(SuiteRunner.java:443)
at org.testng.SuiteRunner.runSequentially(SuiteRunner.java:437)
at org.testng.SuiteRunner.privateRun(SuiteRunner.java:397)
at org.testng.SuiteRunner.run(SuiteRunner.java:336)
at org.testng.SuiteRunnerWorker.runSuite(SuiteRunnerWorker.java:52)
at org.testng.SuiteRunnerWorker.run(SuiteRunnerWorker.java:95)
at org.testng.TestNG.runSuitesSequentially(TestNG.java:1301)
at org.testng.TestNG.runSuitesLocally(TestNG.java:1228)
at org.testng.TestNG.runSuites(TestNG.java:1134)
at org.testng.TestNG.run(TestNG.java:1101)
at org.testng.remote.AbstractRemoteTestNG.run(AbstractRemoteTestNG.java:115)
at org.testng.remote.RemoteTestNG.initAndRun(RemoteTestNG.java:251)
at org.testng.remote.RemoteTestNG.main(RemoteTestNG.java:77)
]]>
    </error>
  </testcase> <!-- ConsignmetPO -->
</testsuite> <!-- com.Medcare.tests.Scenario_9_19_Consignment_PO -->
